<?xml version="1.0" encoding="UTF-8"?>
<!-- Generated by org.testng.reporters.JUnitReportReporter -->
<testsuite skipped="0" hostname="DESKTOP-9R3BOPN" name="com.training.sanity.tests.RealestatemRETC_008" tests="1" failures="0" timestamp="2019-10-24T17:30:55 IST" time="10.824" errors="0">
  <testcase name="validTest" time="10.824" classname="com.training.sanity.tests.RealestatemRETC_008"/>
</testsuite> <!-- com.training.sanity.tests.RealestatemRETC_008 -->
