<?xml version="1.0" encoding="UTF-8"?>
<!-- Generated by org.testng.reporters.JUnitReportReporter -->
<testsuite skipped="0" hostname="DESKTOP-9R3BOPN" name="com.training.sanity.tests.RealestatatemeRETC_007" tests="1" failures="0" timestamp="2019-10-24T17:31:31 IST" time="11.601" errors="0">
  <testcase name="validTest" time="11.601" classname="com.training.sanity.tests.RealestatatemeRETC_007"/>
</testsuite> <!-- com.training.sanity.tests.RealestatatemeRETC_007 -->
