<?xml version="1.0" encoding="UTF-8"?>
<!-- Generated by org.testng.reporters.JUnitReportReporter -->
<testsuite skipped="0" hostname="DESKTOP-9R3BOPN" name="com.training.sanity.tests.RealestatemRETC_009" tests="1" failures="0" timestamp="2019-10-24T17:28:09 IST" time="13.874" errors="0">
  <testcase name="validTest" time="13.874" classname="com.training.sanity.tests.RealestatemRETC_009"/>
</testsuite> <!-- com.training.sanity.tests.RealestatemRETC_009 -->
